<?xml version="1.0" encoding="UTF-8"?>
<testsuite xmlns:xsi="http://www.w3.org/2001/XMLSchema-instance" xsi:noNamespaceSchemaLocation="https://maven.apache.org/surefire/maven-surefire-plugin/xsd/surefire-test-report.xsd" version="3.0.2" name="org.fiap.com.models.FeedbackTest" time="0.38" tests="9" errors="0" skipped="0" failures="0">
  <properties>
[...]
</properties>
  <testcase name="deveFalharQuandoJsonInvalido" classname="org.fiap.com.models.FeedbackTest" time="0.301"/>
  <testcase name="deveConverterMapaDynamoDbParaFeedback" classname="org.fiap.com.models.FeedbackTest" time="0.03"/>
  <testcase name="deveRetornarUrgenciaHighQuandoNotaMenorQue6" classname="org.fiap.com.models.FeedbackTest" time="0.001"/>
  <testcase name="deveConverterJsonParaFeedbackComId" classname="org.fiap.com.models.FeedbackTest" time="0.003"/>
  <testcase name="deveConverterJsonParaFeedbackSemId" classname="org.fiap.com.models.FeedbackTest" time="0.002"/>
  <testcase name="deveRetornarUrgenciaNormalQuandoNotaMaiorOuIgual6" classname="org.fiap.com.models.FeedbackTest" time="0.001"/>
  <testcase name="deveFalharQuandoBodyNuloOuVazio" classname="org.fiap.com.models.FeedbackTest" time="0.002"/>
  <testcase name="deveRetornarUrgenciaNulaQuandoGradeNula" classname="org.fiap.com.models.FeedbackTest" time="0.001"/>
  <testcase name="deveRetornarFeedbackVazioQuandoMapaVazio" classname="org.fiap.com.models.FeedbackTest" time="0.002"/>
</testsuite>